android/build/outputs/logs/manifest-merger-debug-report.txt
-- Merging decision tree log ---
manifest
ADDED from LibGDX-ShaderTest/android/AndroidManifest.xml:2:1-41:12
INJECTED from LibGDX-ShaderTest/android/AndroidManifest.xml:2:1-41:12
INJECTED from LibGDX-ShaderTest/android/AndroidManifest.xml:2:1-41:12
INJECTED from LibGDX-ShaderTest/android/AndroidManifest.xml:2:1-41:12
INJECTED from LibGDX-ShaderTest/android/AndroidManifest.xml:2:1-41:12
INJECTED from LibGDX-ShaderTest/android/AndroidManifest.xml:2:1-41:12
INJECTED from LibGDX-ShaderTest/android/AndroidManifest.xml:2:1-41:12
	package
		ADDED from LibGDX-ShaderTest/android/AndroidManifest.xml:3:5-40
		INJECTED from LibGDX-ShaderTest/android/AndroidManifest.xml
		INJECTED from LibGDX-ShaderTest/android/AndroidManifest.xml
	android:versionName
		ADDED from LibGDX-ShaderTest/android/AndroidManifest.xml:5:5-30
		INJECTED from LibGDX-ShaderTest/android/AndroidManifest.xml
		INJECTED from LibGDX-ShaderTest/android/AndroidManifest.xml
	xmlns:android
		ADDED from LibGDX-ShaderTest/android/AndroidManifest.xml:2:11-69
	android:versionCode
		ADDED from LibGDX-ShaderTest/android/AndroidManifest.xml:4:5-28
		INJECTED from LibGDX-ShaderTest/android/AndroidManifest.xml
		INJECTED from LibGDX-ShaderTest/android/AndroidManifest.xml
uses-sdk
ADDED from LibGDX-ShaderTest/android/AndroidManifest.xml:7:5-74
INJECTED from LibGDX-ShaderTest/android/AndroidManifest.xml:7:5-74
INJECTED from LibGDX-ShaderTest/android/AndroidManifest.xml:7:5-74
INJECTED from LibGDX-ShaderTest/android/AndroidManifest.xml:7:5-74
INJECTED from LibGDX-ShaderTest/android/AndroidManifest.xml:7:5-74
	android:targetSdkVersion
		ADDED from LibGDX-ShaderTest/android/AndroidManifest.xml:7:42-71
		INJECTED from LibGDX-ShaderTest/android/AndroidManifest.xml
		INJECTED from LibGDX-ShaderTest/android/AndroidManifest.xml
	android:minSdkVersion
		ADDED from LibGDX-ShaderTest/android/AndroidManifest.xml:7:15-41
		INJECTED from LibGDX-ShaderTest/android/AndroidManifest.xml
		INJECTED from LibGDX-ShaderTest/android/AndroidManifest.xml
application
ADDED from LibGDX-ShaderTest/android/AndroidManifest.xml:9:5-40:19
	android:label
		ADDED from LibGDX-ShaderTest/android/AndroidManifest.xml:12:9-41
	android:icon
		ADDED from LibGDX-ShaderTest/android/AndroidManifest.xml:11:9-38
	android:allowBackup
		ADDED from LibGDX-ShaderTest/android/AndroidManifest.xml:10:9-35
service#com.fasthamster.shaderslw.LiveWallpaper
ADDED from LibGDX-ShaderTest/android/AndroidManifest.xml:13:9-24:19
	android:enabled
		ADDED from LibGDX-ShaderTest/android/AndroidManifest.xml:15:13-35
	android:label
		ADDED from LibGDX-ShaderTest/android/AndroidManifest.xml:16:13-45
	android:permission
		ADDED from LibGDX-ShaderTest/android/AndroidManifest.xml:17:13-67
	android:name
		ADDED from LibGDX-ShaderTest/android/AndroidManifest.xml:14:13-42
intent-filter#action:name:android.service.wallpaper.WallpaperService
ADDED from LibGDX-ShaderTest/android/AndroidManifest.xml:18:13-20:29
action#android.service.wallpaper.WallpaperService
ADDED from LibGDX-ShaderTest/android/AndroidManifest.xml:19:17-85
	android:name
		ADDED from LibGDX-ShaderTest/android/AndroidManifest.xml:19:25-82
meta-data#android.service.wallpaper
ADDED from LibGDX-ShaderTest/android/AndroidManifest.xml:21:13-23:53
	android:resource
		ADDED from LibGDX-ShaderTest/android/AndroidManifest.xml:23:17-50
	android:name
		ADDED from LibGDX-ShaderTest/android/AndroidManifest.xml:22:17-57
activity#com.fasthamster.shaderslw.PreviewActivity
ADDED from LibGDX-ShaderTest/android/AndroidManifest.xml:25:9-33:20
	android:label
		ADDED from LibGDX-ShaderTest/android/AndroidManifest.xml:27:13-49
	android:theme
		ADDED from LibGDX-ShaderTest/android/AndroidManifest.xml:28:13-59
	android:name
		ADDED from LibGDX-ShaderTest/android/AndroidManifest.xml:26:13-44
intent-filter#action:name:android.intent.action.MAIN+category:name:android.intent.category.LAUNCHER
ADDED from LibGDX-ShaderTest/android/AndroidManifest.xml:29:13-32:29
action#android.intent.action.MAIN
ADDED from LibGDX-ShaderTest/android/AndroidManifest.xml:30:17-69
	android:name
		ADDED from LibGDX-ShaderTest/android/AndroidManifest.xml:30:25-66
category#android.intent.category.LAUNCHER
ADDED from LibGDX-ShaderTest/android/AndroidManifest.xml:31:17-77
	android:name
		ADDED from LibGDX-ShaderTest/android/AndroidManifest.xml:31:27-74
activity#com.fasthamster.shaderslw.SettingsActivity
ADDED from LibGDX-ShaderTest/android/AndroidManifest.xml:34:9-37:39
	android:label
		ADDED from LibGDX-ShaderTest/android/AndroidManifest.xml:36:13-45
	android:exported
		ADDED from LibGDX-ShaderTest/android/AndroidManifest.xml:37:13-36
	android:name
		ADDED from LibGDX-ShaderTest/android/AndroidManifest.xml:35:13-45
activity#com.fasthamster.shaderslw.ShadersDialog
ADDED from LibGDX-ShaderTest/android/AndroidManifest.xml:38:9-39:45
	android:name
		ADDED from LibGDX-ShaderTest/android/AndroidManifest.xml:39:13-42